1781752400 pass 22
1781752405 pass 24
1781752410 pass 18
1781752415 pass 20
1781752420 pass 25
1781752425 pass 22
1781752430 fail 504 1500
1781752435 fail 504 1500
1781752440 fail 504 1500
1781752445 pass 45
1781752450 pass 24
1781752455 pass 22
1781752460 pass 23
1781752465 pass 21
1781752470 pass 22
1781752475 pass 20
1781752480 fail 500 80
1781752485 fail 500 85
1781752490 fail 500 82
1781752495 pass 30
1781752500 pass 22
1781752505 pass 23
1781752510 pass 21
1781752515 pass 20
1781752520 pass 24
1781752525 pass 22
1781752530 fail 503 1200
1781752535 fail 503 1200
1781752540 pass 25
1781752545 pass 22
1781752550 pass 23
1781752555 pass 21
1781752560 pass 20
1781752565 pass 24
1781752570 pass 22
1781752575 pass 23
1781752580 pass 21
1781752585 pass 20
1781752590 fail 502 3000
1781752595 fail 502 3000
1781752600 pass 40
1781752605 pass 22
1781752610 pass 23
1781752615 pass 21
1781752620 pass 20
1781752625 pass 24
1781752630 pass 22
1781752635 pass 23
1781752640 pass 21
1781752645 pass 20
1781752650 pass 24
1781752655 pass 22
1781752660 pass 23
1781752665 pass 21
1781752670 pass 20
1781752675 pass 24
1781752680 pass 22
1781752685 pass 23
1781752690 pass 21
1781752695 pass 20
1781752700 pass 24
